[0mGET /admin/goods [36m304 [0m115.686 ms - -[0m
[0mGET /css/bootstrap.min.css [36m304 [0m3.371 ms - -[0m
[0mGET /assets/font-awesome/css/font-awesome.css [36m304 [0m1.165 ms - -[0m
[0mGET /css/bootstrap-reset.css [36m304 [0m1.210 ms - -[0m
[0mGET /assets/jquery-easy-pie-chart/jquery.easy-pie-chart.css [36m304 [0m0.278 ms - -[0m
[0mGET /css/owl.carousel.css [36m304 [0m0.279 ms - -[0m
[0mGET /css/style.css [36m304 [0m0.281 ms - -[0m
[0mGET /css/style-responsive.css [36m304 [0m0.279 ms - -[0m
[0mGET /assets/dropzone/css/dropzone.css [36m304 [0m0.653 ms - -[0m
[0mGET /js/jquery.js [36m304 [0m0.330 ms - -[0m
[0mGET /js/jquery-1.8.3.min.js [36m304 [0m0.266 ms - -[0m
[0mGET /js/bootstrap.min.js [36m304 [0m0.447 ms - -[0m
[0mGET /js/jquery.dcjqaccordion.2.7.js [36m304 [0m0.720 ms - -[0m
[0mGET /js/jquery.scrollTo.min.js [36m304 [0m0.257 ms - -[0m
[0mGET /js/jquery.nicescroll.js [36m304 [0m0.302 ms - -[0m
[0mGET /js/jquery.sparkline.js [36m304 [0m0.257 ms - -[0m
[0mGET /assets/jquery-easy-pie-chart/jquery.easy-pie-chart.js [36m304 [0m0.311 ms - -[0m
[0mGET /js/owl.carousel.js [36m304 [0m0.303 ms - -[0m
[0mGET /js/jquery.customSelect.min.js [36m304 [0m0.408 ms - -[0m
[0mGET /js/respond.min.js [36m304 [0m0.336 ms - -[0m
[0mGET /js/common-scripts.js [36m304 [0m0.372 ms - -[0m
[0mGET /js/sparkline-chart.js [36m304 [0m1.023 ms - -[0m
[0mGET /js/easy-pie-chart.js [36m304 [0m0.268 ms - -[0m
[0mGET /js/count.js [36m304 [0m0.277 ms - -[0m
[0mGET /js/bootstrap-switch.js [36m304 [0m0.262 ms - -[0m
[0mGET /js/jquery.tagsinput.js [36m304 [0m0.359 ms - -[0m
[0mGET /js/ga.js [36m304 [0m0.285 ms - -[0m
[0mGET /assets/dropzone/dropzone.js [36m304 [0m0.742 ms - -[0m
[0mGET /js/ueditor/ueditor.config.js [36m304 [0m0.277 ms - -[0m
[0mGET /js/ueditor/ueditor.all.min.js [36m304 [0m0.403 ms - -[0m
[0mGET /js/ueditor/lang/zh-cn/zh-cn.js [36m304 [0m0.282 ms - -[0m
[0mGET /img/avatar1_small.jpg [36m304 [0m0.285 ms - -[0m
[0mGET /img/avatar-mini.jpg [36m304 [0m3.474 ms - -[0m
[0mGET /img/avatar-mini2.jpg [36m304 [0m0.344 ms - -[0m
[0mGET /img/avatar-mini3.jpg [36m304 [0m0.443 ms - -[0m
[0mGET /img/avatar-mini4.jpg [36m304 [0m0.707 ms - -[0m
[0mGET /img/search-icon.jpg [36m304 [0m0.503 ms - -[0m
[0mGET /img/nav-expand.png [36m304 [0m0.305 ms - -[0m
[0mGET /js/ueditor/themes/default/css/ueditor.css [36m304 [0m0.518 ms - -[0m
[0mGET /goods [33m404 [0m4.296 ms - 1420[0m
[0mGET /css/bootstrap-reset.css [36m304 [0m0.556 ms - -[0m
[0mGET /css/bootstrap.min.css [36m304 [0m0.289 ms - -[0m
[0mGET /assets/font-awesome/css/font-awesome.css [36m304 [0m0.449 ms - -[0m
[0mGET /css/style.css [36m304 [0m0.906 ms - -[0m
[0mGET /css/style-responsive.css [36m304 [0m0.421 ms - -[0m
[0mGET /img/404_icon.png [36m304 [0m1.892 ms - -[0m
[0mGET /assets/font-awesome/font/fontawesome-webfont.woff?v=3.2.1 [32m200 [0m3.462 ms - 43572[0m
[0mGET /goods [33m404 [0m1.707 ms - 1420[0m
[0mGET /css/bootstrap-reset.css [36m304 [0m0.911 ms - -[0m
[0mGET /css/bootstrap.min.css [36m304 [0m1.472 ms - -[0m
[0mGET /assets/font-awesome/css/font-awesome.css [36m304 [0m0.297 ms - -[0m
[0mGET /css/style.css [36m304 [0m0.439 ms - -[0m
[0mGET /css/style-responsive.css [36m304 [0m0.422 ms - -[0m
[0mGET /img/404_icon.png [36m304 [0m0.387 ms - -[0m
[0mGET /goods/add [33m404 [0m1.313 ms - 1420[0m
[0mGET /goods/css/bootstrap.min.css [33m404 [0m1.065 ms - 1420[0m
[0mGET /goods/css/bootstrap-reset.css [33m404 [0m1.225 ms - 1420[0m
[0mGET /goods/assets/font-awesome/css/font-awesome.css [33m404 [0m0.780 ms - 1420[0m
[0mGET /goods/css/style.css [33m404 [0m0.792 ms - 1420[0m
[0mGET /goods/css/style-responsive.css [33m404 [0m0.713 ms - 1420[0m
[0mGET /goods/img/favicon.png [33m404 [0m0.958 ms - 1420[0m
[0mGET /admin/goods [32m200 [0m78.350 ms - 25357[0m
[0mGET /css/bootstrap.min.css [36m304 [0m0.456 ms - -[0m
[0mGET /assets/font-awesome/css/font-awesome.css [36m304 [0m0.626 ms - -[0m
[0mGET /css/bootstrap-reset.css [36m304 [0m0.276 ms - -[0m
[0mGET /assets/jquery-easy-pie-chart/jquery.easy-pie-chart.css [36m304 [0m1.516 ms - -[0m
[0mGET /css/owl.carousel.css [36m304 [0m0.428 ms - -[0m
[0mGET /css/style.css [36m304 [0m0.260 ms - -[0m
[0mGET /css/style-responsive.css [36m304 [0m0.399 ms - -[0m
[0mGET /assets/dropzone/css/dropzone.css [36m304 [0m0.293 ms - -[0m
[0mGET /js/jquery.js [36m304 [0m1.357 ms - -[0m
[0mGET /js/jquery-1.8.3.min.js [36m304 [0m0.274 ms - -[0m
[0mGET /js/bootstrap.min.js [36m304 [0m0.442 ms - -[0m
[0mGET /js/jquery.dcjqaccordion.2.7.js [36m304 [0m0.263 ms - -[0m
[0mGET /js/jquery.scrollTo.min.js [36m304 [0m0.280 ms - -[0m
[0mGET /js/jquery.nicescroll.js [36m304 [0m0.263 ms - -[0m
[0mGET /js/jquery.sparkline.js [36m304 [0m0.629 ms - -[0m
[0mGET /assets/jquery-easy-pie-chart/jquery.easy-pie-chart.js [36m304 [0m1.448 ms - -[0m
[0mGET /js/owl.carousel.js [36m304 [0m0.293 ms - -[0m
[0mGET /js/jquery.customSelect.min.js [36m304 [0m0.371 ms - -[0m
[0mGET /js/respond.min.js [36m304 [0m0.277 ms - -[0m
[0mGET /js/common-scripts.js [36m304 [0m0.373 ms - -[0m
[0mGET /js/sparkline-chart.js [36m304 [0m0.269 ms - -[0m
[0mGET /js/easy-pie-chart.js [36m304 [0m0.264 ms - -[0m
[0mGET /js/bootstrap-switch.js [36m304 [0m0.281 ms - -[0m
[0mGET /js/count.js [36m304 [0m0.276 ms - -[0m
[0mGET /js/jquery.tagsinput.js [36m304 [0m0.338 ms - -[0m
[0mGET /js/ga.js [36m304 [0m0.254 ms - -[0m
[0mGET /assets/dropzone/dropzone.js [36m304 [0m0.365 ms - -[0m
[0mGET /js/ueditor/ueditor.config.js [36m304 [0m0.294 ms - -[0m
[0mGET /js/ueditor/ueditor.all.min.js [36m304 [0m0.315 ms - -[0m
[0mGET /js/ueditor/lang/zh-cn/zh-cn.js [36m304 [0m0.262 ms - -[0m
[0mGET /img/avatar1_small.jpg [36m304 [0m0.524 ms - -[0m
[0mGET /img/avatar-mini.jpg [36m304 [0m0.433 ms - -[0m
[0mGET /img/avatar-mini2.jpg [36m304 [0m0.319 ms - -[0m
[0mGET /img/avatar-mini3.jpg [36m304 [0m0.485 ms - -[0m
[0mGET /img/avatar-mini4.jpg [36m304 [0m0.287 ms - -[0m
[0mGET /img/search-icon.jpg [36m304 [0m1.404 ms - -[0m
[0mGET /img/nav-expand.png [36m304 [0m1.174 ms - -[0m
[0mGET /js/ueditor/themes/default/css/ueditor.css [36m304 [0m0.504 ms - -[0m
[0mGET /admin/goods [36m304 [0m72.932 ms - -[0m
[0mGET /css/bootstrap.min.css [36m304 [0m0.526 ms - -[0m
[0mGET /css/bootstrap-reset.css [36m304 [0m0.517 ms - -[0m
[0mGET /assets/font-awesome/css/font-awesome.css [36m304 [0m0.295 ms - -[0m
[0mGET /assets/jquery-easy-pie-chart/jquery.easy-pie-chart.css [36m304 [0m0.414 ms - -[0m
[0mGET /css/owl.carousel.css [36m304 [0m0.278 ms - -[0m
[0mGET /css/style.css [36m304 [0m0.263 ms - -[0m
[0mGET /css/style-responsive.css [36m304 [0m0.290 ms - -[0m
[0mGET /js/jquery.js [36m304 [0m0.301 ms - -[0m
[0mGET /assets/dropzone/css/dropzone.css [36m304 [0m0.291 ms - -[0m
[0mGET /js/jquery-1.8.3.min.js [36m304 [0m0.288 ms - -[0m
[0mGET /js/bootstrap.min.js [36m304 [0m0.422 ms - -[0m
[0mGET /js/jquery.dcjqaccordion.2.7.js [36m304 [0m0.480 ms - -[0m
[0mGET /js/jquery.scrollTo.min.js [36m304 [0m0.277 ms - -[0m
[0mGET /js/jquery.nicescroll.js [36m304 [0m1.267 ms - -[0m
[0mGET /js/jquery.sparkline.js [36m304 [0m0.310 ms - -[0m
[0mGET /assets/jquery-easy-pie-chart/jquery.easy-pie-chart.js [36m304 [0m0.339 ms - -[0m
[0mGET /js/owl.carousel.js [36m304 [0m0.279 ms - -[0m
[0mGET /js/jquery.customSelect.min.js [36m304 [0m0.285 ms - -[0m
[0mGET /js/respond.min.js [36m304 [0m0.434 ms - -[0m
[0mGET /js/common-scripts.js [36m304 [0m0.274 ms - -[0m
[0mGET /js/sparkline-chart.js [36m304 [0m0.721 ms - -[0m
[0mGET /js/easy-pie-chart.js [36m304 [0m0.871 ms - -[0m
[0mGET /js/count.js [36m304 [0m0.632 ms - -[0m
[0mGET /js/bootstrap-switch.js [36m304 [0m0.540 ms - -[0m
[0mGET /js/jquery.tagsinput.js [36m304 [0m0.289 ms - -[0m
[0mGET /js/ga.js [36m304 [0m0.279 ms - -[0m
[0mGET /assets/dropzone/dropzone.js [36m304 [0m2.506 ms - -[0m
[0mGET /js/ueditor/ueditor.config.js [36m304 [0m3.266 ms - -[0m
[0mGET /js/ueditor/ueditor.all.min.js [36m304 [0m0.752 ms - -[0m
[0mGET /js/ueditor/lang/zh-cn/zh-cn.js [36m304 [0m0.986 ms - -[0m
[0mGET /img/avatar1_small.jpg [36m304 [0m3.930 ms - -[0m
[0mGET /img/search-icon.jpg [36m304 [0m7.042 ms - -[0m
[0mGET /img/nav-expand.png [36m304 [0m0.766 ms - -[0m
[0mGET /img/avatar-mini.jpg [36m304 [0m0.708 ms - -[0m
[0mGET /img/avatar-mini2.jpg [36m304 [0m1.200 ms - -[0m
[0mGET /img/avatar-mini3.jpg [36m304 [0m0.412 ms - -[0m
[0mGET /img/avatar-mini4.jpg [36m304 [0m4.263 ms - -[0m
[0mGET /js/ueditor/themes/default/css/ueditor.css [36m304 [0m0.525 ms - -[0m
[0mGET /admin/goods/add [0m- [0m- ms - -[0m
[0mGET /admin/goods/add [0m- [0m- ms - -[0m
[0mGET /admin/goods [36m304 [0m85.292 ms - -[0m
[0mGET /css/bootstrap.min.css [36m304 [0m0.564 ms - -[0m
[0mGET /css/bootstrap-reset.css [36m304 [0m1.419 ms - -[0m
[0mGET /assets/font-awesome/css/font-awesome.css [36m304 [0m0.933 ms - -[0m
[0mGET /assets/jquery-easy-pie-chart/jquery.easy-pie-chart.css [36m304 [0m0.509 ms - -[0m
[0mGET /css/owl.carousel.css [36m304 [0m3.169 ms - -[0m
[0mGET /css/style.css [36m304 [0m2.537 ms - -[0m
[0mGET /css/style-responsive.css [36m304 [0m0.500 ms - -[0m
[0mGET /assets/dropzone/css/dropzone.css [36m304 [0m0.296 ms - -[0m
[0mGET /js/jquery.js [36m304 [0m0.434 ms - -[0m
[0mGET /js/jquery-1.8.3.min.js [36m304 [0m0.296 ms - -[0m
[0mGET /js/bootstrap.min.js [36m304 [0m0.273 ms - -[0m
[0mGET /js/jquery.dcjqaccordion.2.7.js [36m304 [0m0.282 ms - -[0m
[0mGET /js/jquery.scrollTo.min.js [36m304 [0m0.275 ms - -[0m
[0mGET /js/jquery.nicescroll.js [36m304 [0m0.270 ms - -[0m
[0mGET /assets/jquery-easy-pie-chart/jquery.easy-pie-chart.js [36m304 [0m0.639 ms - -[0m
[0mGET /js/jquery.sparkline.js [36m304 [0m0.662 ms - -[0m
[0mGET /js/owl.carousel.js [36m304 [0m0.285 ms - -[0m
[0mGET /js/jquery.customSelect.min.js [36m304 [0m0.277 ms - -[0m
[0mGET /js/respond.min.js [36m304 [0m0.272 ms - -[0m
[0mGET /js/common-scripts.js [36m304 [0m0.283 ms - -[0m
[0mGET /js/sparkline-chart.js [36m304 [0m0.408 ms - -[0m
[0mGET /js/easy-pie-chart.js [36m304 [0m0.266 ms - -[0m
[0mGET /js/count.js [36m304 [0m0.407 ms - -[0m
[0mGET /js/bootstrap-switch.js [36m304 [0m0.288 ms - -[0m
[0mGET /js/jquery.tagsinput.js [36m304 [0m2.480 ms - -[0m
[0mGET /js/ga.js [36m304 [0m1.092 ms - -[0m
[0mGET /assets/dropzone/dropzone.js [36m304 [0m0.282 ms - -[0m
[0mGET /js/ueditor/ueditor.config.js [36m304 [0m0.287 ms - -[0m
[0mGET /js/ueditor/lang/zh-cn/zh-cn.js [36m304 [0m0.290 ms - -[0m
[0mGET /js/ueditor/ueditor.all.min.js [36m304 [0m0.373 ms - -[0m
[0mGET /img/avatar1_small.jpg [36m304 [0m0.268 ms - -[0m
[0mGET /img/avatar-mini.jpg [36m304 [0m0.415 ms - -[0m
[0mGET /img/avatar-mini2.jpg [36m304 [0m0.302 ms - -[0m
[0mGET /img/avatar-mini3.jpg [36m304 [0m0.516 ms - -[0m
[0mGET /img/avatar-mini4.jpg [36m304 [0m0.304 ms - -[0m
[0mGET /img/nav-expand.png [36m304 [0m0.897 ms - -[0m
[0mGET /img/search-icon.jpg [36m304 [0m0.886 ms - -[0m
[0mGET /js/ueditor/themes/default/css/ueditor.css [36m304 [0m0.625 ms - -[0m
[0mGET /admin/goods/add [0m- [0m- ms - -[0m
{"code":"0000","msg":"\u64cd\u4f5c\u6210\u529f","data":{"category":[{"id":1,"p_id":0,"name":"\u5206\u7c7b1","is_del":0,"created_at":"2016-01-26 16:19:01","updated_at":"2016-01-26 16:19:01","sort":"0"},{"id":2,"p_id":0,"name":"\u5206\u7c7b2","is_del":0,"created_at":"2016-01-26 16:19:01","updated_at":"2016-01-26 16:19:01","sort":"0"},{"id":3,"p_id":0,"name":"\u5206\u7c7b3","is_del":0,"created_at":"2016-01-26 16:19:01","updated_at":"2016-01-26 16:19:01","sort":"0"},{"id":4,"p_id":0,"name":"\u5206\u7c7b4","is_del":0,"created_at":"2016-01-26 16:19:01","updated_at":"2016-01-26 16:19:01","sort":"0"},{"id":5,"p_id":0,"name":"\u5206\u7c7b5","is_del":0,"created_at":"2016-01-26 16:19:01","updated_at":"2016-01-26 16:19:01","sort":"0"},{"id":6,"p_id":0,"name":"\u5206\u7c7b6","is_del":0,"created_at":"2016-01-26 16:19:01","updated_at":"2016-01-26 16:19:01","sort":"0"},{"id":7,"p_id":0,"name":"\u5206\u7c7b7","is_del":0,"created_at":"2016-01-26 16:19:01","updated_at":"2016-01-26 16:19:01","sort":"0"},{"id":8,"p_id":0,"name":"\u5206\u7c7b8","is_del":0,"created_at":"2016-01-26 16:19:01","updated_at":"2016-01-26 16:19:01","sort":"0"},{"id":9,"p_id":0,"name":"\u5206\u7c7b9","is_del":0,"created_at":"2016-01-26 16:19:01","updated_at":"2016-01-26 16:19:01","sort":"0"},{"id":10,"p_id":0,"name":"\u5206\u7c7b10","is_del":0,"created_at":"2016-01-26 16:19:01","updated_at":"2016-01-26 16:19:01","sort":"0"}]}}
[0mGET /admin/goods/category/1 [31m500 [0m130.651 ms - 1420[0m
[0mGET /admin/goods/category/css/bootstrap.min.css [33m404 [0m2.334 ms - 1420[0m
[0mGET /admin/goods/category/css/bootstrap-reset.css [33m404 [0m2.908 ms - 1420[0m
[0mGET /admin/goods/category/assets/font-awesome/css/font-awesome.css [33m404 [0m0.884 ms - 1420[0m
[0mGET /admin/goods/category/css/style.css [33m404 [0m1.861 ms - 1420[0m
[0mGET /admin/goods/category/css/style-responsive.css [33m404 [0m0.855 ms - 1420[0m
[0mGET /admin/goods/category/img/favicon.png [33m404 [0m1.135 ms - 1420[0m
[0mGET /admin/category [32m200 [0m69.281 ms - 17440[0m
[0mGET /css/bootstrap.min.css [36m304 [0m0.840 ms - -[0m
[0mGET /css/bootstrap-reset.css [36m304 [0m0.718 ms - -[0m
[0mGET /assets/font-awesome/css/font-awesome.css [36m304 [0m0.277 ms - -[0m
[0mGET /assets/jquery-easy-pie-chart/jquery.easy-pie-chart.css [36m304 [0m0.400 ms - -[0m
[0mGET /css/owl.carousel.css [36m304 [0m0.281 ms - -[0m
[0mGET /css/style.css [36m304 [0m0.395 ms - -[0m
[0mGET /css/style-responsive.css [36m304 [0m0.401 ms - -[0m
[0mGET /assets/dropzone/css/dropzone.css [36m304 [0m0.446 ms - -[0m
[0mGET /js/jquery.js [36m304 [0m0.283 ms - -[0m
[0mGET /js/jquery-1.8.3.min.js [36m304 [0m1.005 ms - -[0m
[0mGET /js/bootstrap.min.js [36m304 [0m0.824 ms - -[0m
[0mGET /js/jquery.dcjqaccordion.2.7.js [36m304 [0m0.281 ms - -[0m
[0mGET /js/jquery.scrollTo.min.js [36m304 [0m0.290 ms - -[0m
[0mGET /js/jquery.nicescroll.js [36m304 [0m0.264 ms - -[0m
[0mGET /js/jquery.sparkline.js [36m304 [0m0.273 ms - -[0m
[0mGET /assets/jquery-easy-pie-chart/jquery.easy-pie-chart.js [36m304 [0m0.406 ms - -[0m
[0mGET /js/owl.carousel.js [36m304 [0m0.384 ms - -[0m
[0mGET /js/respond.min.js [36m304 [0m1.175 ms - -[0m
[0mGET /js/jquery.customSelect.min.js [36m304 [0m0.924 ms - -[0m
[0mGET /js/common-scripts.js [36m304 [0m0.409 ms - -[0m
[0mGET /js/sparkline-chart.js [36m304 [0m0.268 ms - -[0m
[0mGET /js/easy-pie-chart.js [36m304 [0m0.295 ms - -[0m
[0mGET /js/count.js [36m304 [0m2.475 ms - -[0m
[0mGET /js/bootstrap-switch.js [36m304 [0m0.279 ms - -[0m
[0mGET /js/jquery.tagsinput.js [36m304 [0m0.286 ms - -[0m
[0mGET /js/ga.js [36m304 [0m0.274 ms - -[0m
[0mGET /assets/dropzone/dropzone.js [36m304 [0m0.291 ms - -[0m
[0mGET /js/ueditor/ueditor.config.js [36m304 [0m0.287 ms - -[0m
[0mGET /js/ueditor/lang/zh-cn/zh-cn.js [36m304 [0m0.319 ms - -[0m
[0mGET /js/ueditor/ueditor.all.min.js [36m304 [0m0.282 ms - -[0m
[0mGET /img/avatar1_small.jpg [36m304 [0m0.268 ms - -[0m
[0mGET /img/search-icon.jpg [36m304 [0m0.314 ms - -[0m
[0mGET /img/avatar-mini.jpg [36m304 [0m1.130 ms - -[0m
[0mGET /img/avatar-mini2.jpg [36m304 [0m1.094 ms - -[0m
[0mGET /img/avatar-mini3.jpg [36m304 [0m0.389 ms - -[0m
[0mGET /img/avatar-mini4.jpg [36m304 [0m0.295 ms - -[0m
[0mGET /img/nav-expand.png [36m304 [0m0.544 ms - -[0m
[0mGET /js/ueditor/themes/default/css/ueditor.css [36m304 [0m0.312 ms - -[0m
[0mGET /admin/category/add [32m200 [0m6.678 ms - 14982[0m
[0mGET /css/bootstrap.min.css [36m304 [0m0.577 ms - -[0m
[0mGET /assets/font-awesome/css/font-awesome.css [36m304 [0m0.359 ms - -[0m
[0mGET /css/bootstrap-reset.css [36m304 [0m0.387 ms - -[0m
[0mGET /assets/jquery-easy-pie-chart/jquery.easy-pie-chart.css [36m304 [0m0.506 ms - -[0m
[0mGET /css/owl.carousel.css [36m304 [0m0.287 ms - -[0m
[0mGET /css/style.css [36m304 [0m0.273 ms - -[0m
[0mGET /css/style-responsive.css [36m304 [0m0.307 ms - -[0m
[0mGET /assets/dropzone/css/dropzone.css [36m304 [0m0.267 ms - -[0m
[0mGET /js/jquery.js [36m304 [0m0.260 ms - -[0m
[0mGET /js/jquery-1.8.3.min.js [36m304 [0m0.423 ms - -[0m
[0mGET /js/bootstrap.min.js [36m304 [0m0.283 ms - -[0m
[0mGET /js/jquery.dcjqaccordion.2.7.js [36m304 [0m0.567 ms - -[0m
[0mGET /js/jquery.scrollTo.min.js [36m304 [0m0.300 ms - -[0m
[0mGET /js/jquery.nicescroll.js [36m304 [0m0.399 ms - -[0m
[0mGET /js/jquery.sparkline.js [36m304 [0m0.271 ms - -[0m
[0mGET /assets/jquery-easy-pie-chart/jquery.easy-pie-chart.js [36m304 [0m0.396 ms - -[0m
[0mGET /js/owl.carousel.js [36m304 [0m0.261 ms - -[0m
[0mGET /js/jquery.customSelect.min.js [36m304 [0m0.271 ms - -[0m
[0mGET /js/respond.min.js [36m304 [0m0.773 ms - -[0m
[0mGET /js/common-scripts.js [36m304 [0m0.264 ms - -[0m
[0mGET /js/sparkline-chart.js [36m304 [0m0.347 ms - -[0m
[0mGET /js/easy-pie-chart.js [36m304 [0m0.278 ms - -[0m
[0mGET /js/count.js [36m304 [0m0.256 ms - -[0m
[0mGET /js/bootstrap-switch.js [36m304 [0m0.267 ms - -[0m
[0mGET /js/jquery.tagsinput.js [36m304 [0m1.822 ms - -[0m
[0mGET /js/ga.js [36m304 [0m1.088 ms - -[0m
[0mGET /js/ueditor/ueditor.config.js [36m304 [0m0.641 ms - -[0m
[0mGET /assets/dropzone/dropzone.js [36m304 [0m0.604 ms - -[0m
[0mGET /js/ueditor/ueditor.all.min.js [36m304 [0m0.745 ms - -[0m
[0mGET /js/ueditor/lang/zh-cn/zh-cn.js [36m304 [0m0.837 ms - -[0m
[0mGET /img/avatar1_small.jpg [36m304 [0m0.788 ms - -[0m
[0mGET /img/search-icon.jpg [36m304 [0m0.774 ms - -[0m
[0mGET /img/avatar-mini.jpg [36m304 [0m0.289 ms - -[0m
[0mGET /img/avatar-mini2.jpg [36m304 [0m1.562 ms - -[0m
[0mGET /img/avatar-mini3.jpg [36m304 [0m0.718 ms - -[0m
[0mGET /img/avatar-mini4.jpg [36m304 [0m0.274 ms - -[0m
[0mGET /img/nav-expand.png [36m304 [0m3.463 ms - -[0m
[0mGET /js/ueditor/themes/default/css/ueditor.css [36m304 [0m0.324 ms - -[0m
[0mGET /admin/shop/user [0m- [0m- ms - -[0m
{"code":"0000","msg":"\u64cd\u4f5c\u6210\u529f","data":{"shops":[{"id":1,"name":"\u5c0f\u4e00\u79d1\u6280","logo":"http:\/\/img.hb.aicdn.com\/8fba5a7cffead7390033aa581aae5e8f9b4e34b814380-d76LxJ_fw658","address":"\u5cb3\u9e93\u533a\u957f\u623f\u65f6\u4ee3\u57ce","created_at":"2016-01-26 16:19:01"}],"page":{"page":1,"length":20,"offset":0,"totalPage":1,"totalNum":1,"isEndPage":1}}}
[0mGET /admin/shop [32m200 [0m75.338 ms - 15354[0m
[0mGET /css/bootstrap-reset.css [36m304 [0m1.047 ms - -[0m
[0mGET /css/bootstrap.min.css [36m304 [0m0.867 ms - -[0m
[0mGET /assets/font-awesome/css/font-awesome.css [36m304 [0m0.437 ms - -[0m
[0mGET /assets/jquery-easy-pie-chart/jquery.easy-pie-chart.css [36m304 [0m0.283 ms - -[0m
[0mGET /css/owl.carousel.css [36m304 [0m0.267 ms - -[0m
[0mGET /css/style.css [36m304 [0m0.706 ms - -[0m
[0mGET /css/style-responsive.css [36m304 [0m0.603 ms - -[0m
[0mGET /assets/dropzone/css/dropzone.css [36m304 [0m0.417 ms - -[0m
[0mGET /js/jquery.js [36m304 [0m0.259 ms - -[0m
[0mGET /js/jquery-1.8.3.min.js [36m304 [0m0.390 ms - -[0m
[0mGET /js/bootstrap.min.js [36m304 [0m0.261 ms - -[0m
[0mGET /js/jquery.dcjqaccordion.2.7.js [36m304 [0m0.759 ms - -[0m
[0mGET /js/jquery.scrollTo.min.js [36m304 [0m0.566 ms - -[0m
[0mGET /js/jquery.nicescroll.js [36m304 [0m2.013 ms - -[0m
[0mGET /js/jquery.sparkline.js [36m304 [0m0.780 ms - -[0m
[0mGET /assets/jquery-easy-pie-chart/jquery.easy-pie-chart.js [36m304 [0m0.943 ms - -[0m
[0mGET /js/owl.carousel.js [36m304 [0m0.884 ms - -[0m
[0mGET /js/jquery.customSelect.min.js [36m304 [0m0.293 ms - -[0m
[0mGET /js/respond.min.js [36m304 [0m2.187 ms - -[0m
[0mGET /js/common-scripts.js [36m304 [0m0.439 ms - -[0m
[0mGET /js/sparkline-chart.js [36m304 [0m0.278 ms - -[0m
[0mGET /js/easy-pie-chart.js [36m304 [0m0.276 ms - -[0m
[0mGET /js/count.js [36m304 [0m0.236 ms - -[0m
[0mGET /js/bootstrap-switch.js [36m304 [0m0.279 ms - -[0m
[0mGET /js/jquery.tagsinput.js [36m304 [0m0.263 ms - -[0m
[0mGET /js/ga.js [36m304 [0m0.267 ms - -[0m
[0mGET /assets/dropzone/dropzone.js [36m304 [0m0.279 ms - -[0m
[0mGET /js/ueditor/ueditor.config.js [36m304 [0m0.287 ms - -[0m
[0mGET /js/ueditor/ueditor.all.min.js [36m304 [0m0.246 ms - -[0m
[0mGET /js/ueditor/lang/zh-cn/zh-cn.js [36m304 [0m0.257 ms - -[0m
[0mGET /img/avatar1_small.jpg [36m304 [0m0.304 ms - -[0m
[0mGET /img/search-icon.jpg [36m304 [0m0.262 ms - -[0m
[0mGET /img/nav-expand.png [36m304 [0m0.303 ms - -[0m
[0mGET /img/avatar-mini.jpg [36m304 [0m0.321 ms - -[0m
[0mGET /img/avatar-mini2.jpg [36m304 [0m0.248 ms - -[0m
[0mGET /img/avatar-mini3.jpg [36m304 [0m0.559 ms - -[0m
[0mGET /img/avatar-mini4.jpg [36m304 [0m0.558 ms - -[0m
[0mGET /js/ueditor/themes/default/css/ueditor.css [36m304 [0m0.476 ms - -[0m
[0mGET /css/bootstrap.min.css [36m304 [0m0.852 ms - -[0m
[0mGET /css/bootstrap-reset.css [36m304 [0m0.848 ms - -[0m
[0mGET /assets/font-awesome/css/font-awesome.css [36m304 [0m0.275 ms - -[0m
[0mGET /assets/jquery-easy-pie-chart/jquery.easy-pie-chart.css [36m304 [0m0.255 ms - -[0m
[0mGET /css/owl.carousel.css [36m304 [0m0.303 ms - -[0m
[0mGET /css/style.css [36m304 [0m0.253 ms - -[0m
[0mGET /css/style-responsive.css [36m304 [0m0.287 ms - -[0m
[0mGET /assets/dropzone/css/dropzone.css [36m304 [0m0.382 ms - -[0m
[0mGET /js/ueditor/themes/default/css/ueditor.css [36m304 [0m0.542 ms - -[0m
